2024-09-23 15:36:36,830 INFO: HelpDesk startup [in C:\Users\martinez\Documents\Visual Studio 2017\HelpDesk\app\__init__.py:41]
2024-09-23 15:36:38,740 INFO: HelpDesk startup [in C:\Users\martinez\Documents\Visual Studio 2017\HelpDesk\app\__init__.py:41]
2024-09-23 15:42:08,682 INFO: HelpDesk startup [in C:\Users\martinez\Documents\Visual Studio 2017\HelpDesk\app\__init__.py:41]
2024-09-23 15:42:19,508 INFO: HelpDesk startup [in C:\Users\martinez\Documents\Visual Studio 2017\HelpDesk\app\__init__.py:41]
2024-09-23 15:42:21,544 INFO: HelpDesk startup [in C:\Users\martinez\Documents\Visual Studio 2017\HelpDesk\app\__init__.py:41]
2024-09-23 15:42:37,760 INFO: HelpDesk startup [in C:\Users\martinez\Documents\Visual Studio 2017\HelpDesk\app\__init__.py:41]
2024-09-23 15:42:42,944 INFO: HelpDesk startup [in C:\Users\martinez\Documents\Visual Studio 2017\HelpDesk\app\__init__.py:41]
2024-09-23 15:42:51,590 INFO: HelpDesk startup [in C:\Users\martinez\Documents\Visual Studio 2017\HelpDesk\app\__init__.py:41]
2024-09-23 15:42:51,866 ERROR: Erro na validação do formulário: {} [in C:\Users\martinez\Documents\Visual Studio 2017\HelpDesk\app\routes.py:657]
2024-09-23 15:43:22,312 INFO: Tentando cadastrar funcionário: Adolfo Henrique Monteiro, CPF: 44487034876 [in C:\Users\martinez\Documents\Visual Studio 2017\HelpDesk\app\routes.py:619]
2024-09-23 15:43:22,314 ERROR: Erro ao salvar funcionário: 'FuncionarioForm' object has no attribute 'usuario_helpdesk' [in C:\Users\martinez\Documents\Visual Studio 2017\HelpDesk\app\routes.py:652]
2024-09-23 15:43:42,866 INFO: HelpDesk startup [in C:\Users\martinez\Documents\Visual Studio 2017\HelpDesk\app\__init__.py:41]
2024-09-23 15:43:43,792 INFO: Tentando cadastrar funcionário: Adolfo Henrique Monteiro, CPF: 44487034876 [in C:\Users\martinez\Documents\Visual Studio 2017\HelpDesk\app\routes.py:619]
2024-09-23 15:43:43,810 INFO: Funcionário Adolfo Henrique Monteiro cadastrado com sucesso! [in C:\Users\martinez\Documents\Visual Studio 2017\HelpDesk\app\routes.py:642]
2024-09-23 15:44:25,477 ERROR: Erro na validação do formulário: {} [in C:\Users\martinez\Documents\Visual Studio 2017\HelpDesk\app\routes.py:656]
2024-09-23 15:47:03,111 ERROR: Erro na validação do formulário: {} [in C:\Users\martinez\Documents\Visual Studio 2017\HelpDesk\app\routes.py:656]
2024-09-23 15:49:15,135 INFO: HelpDesk startup [in C:\Users\martinez\Documents\Visual Studio 2017\HelpDesk\app\__init__.py:41]
2024-09-23 15:52:12,649 INFO: HelpDesk startup [in C:\Users\martinez\Documents\Visual Studio 2017\HelpDesk\app\__init__.py:41]
2024-09-23 15:52:22,283 INFO: HelpDesk startup [in C:\Users\martinez\Documents\Visual Studio 2017\HelpDesk\app\__init__.py:41]
2024-09-23 15:53:20,552 INFO: HelpDesk startup [in C:\Users\martinez\Documents\Visual Studio 2017\HelpDesk\app\__init__.py:41]
2024-09-23 15:53:22,378 INFO: HelpDesk startup [in C:\Users\martinez\Documents\Visual Studio 2017\HelpDesk\app\__init__.py:41]
2024-09-23 15:55:16,529 INFO: HelpDesk startup [in C:\Users\martinez\Documents\Visual Studio 2017\HelpDesk\app\__init__.py:41]
2024-09-23 15:55:23,667 INFO: HelpDesk startup [in C:\Users\martinez\Documents\Visual Studio 2017\HelpDesk\app\__init__.py:41]
2024-09-23 15:59:50,451 INFO: HelpDesk startup [in C:\Users\martinez\Documents\Visual Studio 2017\HelpDesk\app\__init__.py:41]
2024-09-23 15:59:52,276 INFO: HelpDesk startup [in C:\Users\martinez\Documents\Visual Studio 2017\HelpDesk\app\__init__.py:41]
2024-09-23 16:01:36,874 INFO: HelpDesk startup [in C:\Users\martinez\Documents\Visual Studio 2017\HelpDesk\app\__init__.py:41]
2024-09-23 16:17:43,621 INFO: HelpDesk startup [in C:\Users\martinez\Documents\Visual Studio 2017\HelpDesk\app\__init__.py:41]
2024-09-23 16:17:46,296 INFO: HelpDesk startup [in C:\Users\martinez\Documents\Visual Studio 2017\HelpDesk\app\__init__.py:41]
2024-09-23 16:21:14,657 INFO: HelpDesk startup [in C:\Users\martinez\Documents\Visual Studio 2017\HelpDesk\app\__init__.py:41]
2024-09-23 16:21:20,738 INFO: HelpDesk startup [in C:\Users\martinez\Documents\Visual Studio 2017\HelpDesk\app\__init__.py:41]
2024-09-23 16:21:22,397 INFO: HelpDesk startup [in C:\Users\martinez\Documents\Visual Studio 2017\HelpDesk\app\__init__.py:41]
